{"/home/ppramesi/comic-firebase/src/firebase/firebase.js": {"path":"/home/ppramesi/comic-firebase/src/firebase/firebase.js","statementMap":{"0":{"start":{"line":21,"column":4},"end":{"line":21,"column":24}},"1":{"start":{"line":24,"column":23},"end":{"line":33,"column":1}},"2":{"start":{"line":35,"column":20},"end":{"line":39,"column":1}},"3":{"start":{"line":36,"column":22},"end":{"line":36,"column":73}},"4":{"start":{"line":37,"column":4},"end":{"line":37,"column":65}},"5":{"start":{"line":37,"column":51},"end":{"line":37,"column":63}},"6":{"start":{"line":38,"column":4},"end":{"line":38,"column":30}},"7":{"start":{"line":41,"column":12},"end":{"line":41,"column":41}},"8":{"start":{"line":42,"column":11},"end":{"line":42,"column":28}},"9":{"start":{"line":43,"column":13},"end":{"line":43,"column":25}},"10":{"start":{"line":44,"column":18},"end":{"line":44,"column":35}},"11":{"start":{"line":45,"column":16},"end":{"line":45,"column":31}},"12":{"start":{"line":46,"column":18},"end":{"line":46,"column":49}},"13":{"start":{"line":47,"column":20},"end":{"line":47,"column":39}},"14":{"start":{"line":51,"column":0},"end":{"line":51,"column":45}}},"fnMap":{"0":{"name":"(anonymous_0)","decl":{"start":{"line":35,"column":20},"end":{"line":35,"column":21}},"loc":{"start":{"line":35,"column":34},"end":{"line":39,"column":1}},"line":35},"1":{"name":"(anonymous_1)","decl":{"start":{"line":37,"column":46},"end":{"line":37,"column":47}},"loc":{"start":{"line":37,"column":51},"end":{"line":37,"column":63}},"line":37}},"branchMap":{},"s":{"0":1,"1":1,"2":1,"3":0,"4":0,"5":0,"6":0,"7":1,"8":1,"9":1,"10":1,"11":1,"12":1,"13":1,"14":1},"f":{"0":0,"1":0},"b":{},"_coverageSchema":"1a1c01bbd47fc00a2c39e90264f33305004495a9","hash":"3ceac8781680beccb8d98aee6490e5b9581cb315"}
}
